abstract
boolean
break
byte
case
catch
char
class
const
continue
default
do
double
else
event
extends
false
final
finally
float
font
for
function
goto
if
implements
import
in
instanceof
int
interface
long
native
new
null
onblur
onchange
onclick
onfocus
onload
onmouseover
onselect
onsubmit
onunload
package
private
protected
public
return
short
src
static
super
switch
synchronized
this
throw
throws
transient
true
try
var
void
while
with
